d:\ucl\year 02\advanced programing co2402\co2402 assignment\monopolish_3000305\monopolish_3000305\debug\vc142.pdb
d:\ucl\year 02\advanced programing co2402\co2402 assignment\monopolish_3000305\monopolish_3000305\debug\vc142.idb
d:\ucl\year 02\advanced programing co2402\co2402 assignment\monopolish_3000305\monopolish_3000305\debug\readfile.obj
d:\ucl\year 02\advanced programing co2402\co2402 assignment\monopolish_3000305\monopolish_3000305\debug\player.obj
d:\ucl\year 02\advanced programing co2402\co2402 assignment\monopolish_3000305\monopolish_3000305\debug\cstation.obj
d:\ucl\year 02\advanced programing co2402\co2402 assignment\monopolish_3000305\monopolish_3000305\debug\csquare.obj
d:\ucl\year 02\advanced programing co2402\co2402 assignment\monopolish_3000305\monopolish_3000305\debug\cproperties.obj
d:\ucl\year 02\advanced programing co2402\co2402 assignment\monopolish_3000305\monopolish_3000305\debug\cpenalty.obj
d:\ucl\year 02\advanced programing co2402\co2402 assignment\monopolish_3000305\monopolish_3000305\debug\cjail.obj
d:\ucl\year 02\advanced programing co2402\co2402 assignment\monopolish_3000305\monopolish_3000305\debug\cgotojail.obj
d:\ucl\year 02\advanced programing co2402\co2402 assignment\monopolish_3000305\monopolish_3000305\debug\cfreeparking.obj
d:\ucl\year 02\advanced programing co2402\co2402 assignment\monopolish_3000305\monopolish_3000305\debug\cbonus.obj
d:\ucl\year 02\advanced programing co2402\co2402 assignment\monopolish_3000305\monopolish_3000305\debug\monopolish.obj
d:\ucl\year 02\advanced programing co2402\co2402 assignment\monopolish_3000305\monopolish_3000305\debug\cproperty.obj
d:\ucl\year 02\advanced programing co2402\co2402 assignment\monopolish_3000305\debug\monopolish_3000305.exe
d:\ucl\year 02\advanced programing co2402\co2402 assignment\monopolish_3000305\monopolish_3000305\debug\monopolish_3000305.ilk
d:\ucl\year 02\advanced programing co2402\co2402 assignment\monopolish_3000305\debug\monopolish_3000305.pdb
d:\ucl\year 02\advanced programing co2402\co2402 assignment\monopolish_3000305\monopolish_3000305\debug\monopoli.b0a07e45.tlog\cl.command.1.tlog
d:\ucl\year 02\advanced programing co2402\co2402 assignment\monopolish_3000305\monopolish_3000305\debug\monopoli.b0a07e45.tlog\cl.read.1.tlog
d:\ucl\year 02\advanced programing co2402\co2402 assignment\monopolish_3000305\monopolish_3000305\debug\monopoli.b0a07e45.tlog\cl.write.1.tlog
d:\ucl\year 02\advanced programing co2402\co2402 assignment\monopolish_3000305\monopolish_3000305\debug\monopoli.b0a07e45.tlog\link.command.1.tlog
d:\ucl\year 02\advanced programing co2402\co2402 assignment\monopolish_3000305\monopolish_3000305\debug\monopoli.b0a07e45.tlog\link.read.1.tlog
d:\ucl\year 02\advanced programing co2402\co2402 assignment\monopolish_3000305\monopolish_3000305\debug\monopoli.b0a07e45.tlog\link.write.1.tlog
